<?xml version="1.0" encoding="UTF-8"?>
<!-- Generated by org.testng.reporters.JUnitXMLReporter -->
<testsuite ignored="0" hostname="LAPTOP-4P9U0Q6L" failures="0" tests="4" name="Test Runner 2" time="0.11" errors="0" timestamp="2023-10-18T19:10:34 IST">
  <testcase classname="parallel.TestClasses3" name="demo1" time="0.015"/>
  <testcase classname="parallel.TestClasses3" name="demo2" time="0.004"/>
  <testcase classname="parallel.TestClasses4" name="demo1" time="0.002"/>
  <testcase classname="parallel.TestClasses4" name="demo2" time="0.003"/>
</testsuite> <!-- Test Runner 2 -->
