<?xml version="1.0" encoding="UTF-8"?>
<!-- Generated by org.testng.reporters.JUnitXMLReporter -->
<testsuite ignored="0" hostname="LAPTOP-4P9U0Q6L" failures="0" tests="4" name="Test Runner 3" time="0.108" errors="0" timestamp="2023-10-18T19:10:34 IST">
  <testcase classname="parallel.TestClasses5" name="demo1" time="0.014"/>
  <testcase classname="parallel.TestClasses5" name="demo2" time="0.001"/>
  <testcase classname="parallel.TestClasses6" name="demo1" time="0.003"/>
  <testcase classname="parallel.TestClasses6" name="demo2" time="0.005"/>
</testsuite> <!-- Test Runner 3 -->
