<?xml version="1.0" encoding="UTF-8"?>
<!-- Generated by org.testng.reporters.JUnitXMLReporter -->
<testsuite ignored="0" hostname="LAPTOP-4P9U0Q6L" failures="1" tests="5" name="Test" time="0.097" errors="0" timestamp="2023-10-18T19:33:43 IST">
  <testcase classname="listener.TestClass" name="test0" time="0.011">
    <failure type="java.lang.AssertionError" message="null">
      <![CDATA[java.lang.AssertionError: null
at listener.TestClass.test0(TestClass.java:12)
at java.base/java.util.ArrayList.forEach(ArrayList.java:1511)
... Removed 29 stack frames]]>
    </failure>
  </testcase> <!-- test0 -->
  <testcase classname="listener.TestClass" name="test1" time="0.0">
    <skipped/>
  </testcase> <!-- test1 -->
  <testcase classname="listener.TestClass4" name="test0" time="0.001"/>
  <testcase classname="listener.TestClass2" name="test0" time="0.002"/>
  <testcase classname="listener.TestClass3" name="test0" time="0.002"/>
</testsuite> <!-- Test -->
