<?xml version="1.0" encoding="UTF-8"?>
<testng-results ignored="0" total="3" passed="3" failed="0" skipped="0">
  <reporter-output>
  </reporter-output>
  <suite started-at="2023-10-27T11:11:36 IST" name="Default suite" finished-at="2023-10-27T11:11:36 IST" duration-ms="85">
    <groups>
    </groups>
    <test started-at="2023-10-27T11:11:36 IST" name="Default test" finished-at="2023-10-27T11:11:36 IST" duration-ms="85">
      <class name="testng.DataProvidersPractice">
        <test-method signature="bookTicketTest(java.lang.String,java.lang.String)[pri:0, instance:testng.DataProvidersPractice@7d8995e]" started-at="2023-10-27T11:11:36 IST" name="bookTicketTest" data-provider="data" finished-at="2023-10-27T11:11:36 IST" duration-ms="7" status="PASS">
          <params>
            <param index="0">
              <value>
                <![CDATA[Hyd]]>
              </value>
            </param>
            <param index="1">
              <value>
                <![CDATA[Goa]]>
              </value>
            </param>
          </params>
          <reporter-output>
          </reporter-output>
        </test-method> <!-- bookTicketTest -->
        <test-method signature="bookTicketTest(java.lang.String,java.lang.String)[pri:0, instance:testng.DataProvidersPractice@7d8995e]" started-at="2023-10-27T11:11:36 IST" name="bookTicketTest" data-provider="data" finished-at="2023-10-27T11:11:36 IST" duration-ms="1" status="PASS">
          <params>
            <param index="0">
              <value>
                <![CDATA[Hyd]]>
              </value>
            </param>
            <param index="1">
              <value>
                <![CDATA[Tirupati]]>
              </value>
            </param>
          </params>
          <reporter-output>
          </reporter-output>
        </test-method> <!-- bookTicketTest -->
        <test-method signature="bookTicketTest(java.lang.String,java.lang.String)[pri:0, instance:testng.DataProvidersPractice@7d8995e]" started-at="2023-10-27T11:11:36 IST" name="bookTicketTest" data-provider="data" finished-at="2023-10-27T11:11:36 IST" duration-ms="2" status="PASS">
          <params>
            <param index="0">
              <value>
                <![CDATA[Hyd]]>
              </value>
            </param>
            <param index="1">
              <value>
                <![CDATA[Swiss]]>
              </value>
            </param>
          </params>
          <reporter-output>
          </reporter-output>
        </test-method> <!-- bookTicketTest -->
      </class> <!-- testng.DataProvidersPractice -->
    </test> <!-- Default test -->
  </suite> <!-- Default suite -->
</testng-results>
